<?xml version="1.0" encoding="UTF-8"?>
<testsuite xmlns:xsi="http://www.w3.org/2001/XMLSchema-instance" xsi:noNamespaceSchemaLocation="https://maven.apache.org/surefire/maven-surefire-plugin/xsd/surefire-test-report-3.0.xsd" version="3.0" name="TestSuite" time="198.026" tests="6" errors="0" skipped="0" failures="2">
  <properties>
[...]
</properties>
  <testcase name="userClickingAroundTest" classname="clickLinks.ClickLinksTests" time="19.212"/>
  <testcase name="fillOutContactUsForm" classname="contactUs.ContactUsTests" time="4.293"/>
  <testcase name="testResume" classname="joinTheTeam.JoinTheTeamTests" time="4.863">
    <failure message="no such element: Unable to locate element: {&quot;method&quot;:&quot;css selector&quot;,&quot;selector&quot;:&quot;#input_10_0&quot;}&#10;  (Session info: chrome=83.0.4103.116)&#10;For documentation on this error, please visit: https://www.seleniumhq.org/exceptions/no_such_element.html&#10;Build info: version: &apos;3.141.59&apos;, revision: &apos;e82be7d358&apos;, time: &apos;2018-11-14T08:17:03&apos;&#10;System info: host: &apos;RMORITZ&apos;, ip: &apos;192.168.1.26&apos;, os.name: &apos;Windows 10&apos;, os.arch: &apos;amd64&apos;, os.version: &apos;10.0&apos;, java.version: &apos;14.0.1&apos;&#10;Driver info: org.openqa.selenium.chrome.ChromeDriver&#10;Capabilities {acceptInsecureCerts: false, browserName: chrome, browserVersion: 83.0.4103.116, chrome: {chromedriverVersion: 83.0.4103.39 (ccbf011cb2d2b..., userDataDir: C:\Users\Student\AppData\Lo...}, goog:chromeOptions: {debuggerAddress: localhost:57834}, javascriptEnabled: true, networkConnectionEnabled: false, pageLoadStrategy: normal, platform: WINDOWS, platformName: WINDOWS, proxy: Proxy(), setWindowRect: true, strictFileInteractability: false, timeouts: {implicit: 0, pageLoad: 300000, script: 30000}, unhandledPromptBehavior: dismiss and notify, webauthn:virtualAuthenticators: true}&#10;Session ID: 95785d8395abda5408f8c9436192157a&#10;*** Element info: {Using=id, value=input_10_0}" type="org.openqa.selenium.NoSuchElementException"><![CDATA[org.openqa.selenium.NoSuchElementException: 
no such element: Unable to locate element: {"method":"css selector","selector":"#input_10_0"}
  (Session info: chrome=83.0.4103.116)
For documentation on this error, please visit: https://www.seleniumhq.org/exceptions/no_such_element.html
Build info: version: '3.141.59', revision: 'e82be7d358', time: '2018-11-14T08:17:03'
System info: host: 'RMORITZ', ip: '192.168.1.26', os.name: 'Windows 10', os.arch: 'amd64', os.version: '10.0', java.version: '14.0.1'
Driver info: org.openqa.selenium.chrome.ChromeDriver
Capabilities {acceptInsecureCerts: false, browserName: chrome, browserVersion: 83.0.4103.116, chrome: {chromedriverVersion: 83.0.4103.39 (ccbf011cb2d2b..., userDataDir: C:\Users\Student\AppData\Lo...}, goog:chromeOptions: {debuggerAddress: localhost:57834}, javascriptEnabled: true, networkConnectionEnabled: false, pageLoadStrategy: normal, platform: WINDOWS, platformName: WINDOWS, proxy: Proxy(), setWindowRect: true, strictFileInteractability: false, timeouts: {implicit: 0, pageLoad: 300000, script: 30000}, unhandledPromptBehavior: dismiss and notify, webauthn:virtualAuthenticators: true}
Session ID: 95785d8395abda5408f8c9436192157a
*** Element info: {Using=id, value=input_10_0}
	at joinTheTeam.JoinTheTeamTests.testResume(JoinTheTeamTests.java:39)
]]></failure>
    <system-err><![CDATA[Starting ChromeDriver 83.0.4103.39 (ccbf011cb2d2b19b506d844400483861342c20cd-refs/branch-heads/4103@{#416}) on port 6416
Only local connections are allowed.
Please see https://chromedriver.chromium.org/security-considerations for suggestions on keeping ChromeDriver safe.
ChromeDriver was started successfully.
Jul 02, 2020 9:51:50 PM org.openqa.selenium.remote.ProtocolHandshake createSession
INFO: Detected dialect: W3C
]]></system-err>
  </testcase>
  <testcase name="createRxProfile" classname="profile.CreatingProfileTests" time="9.3"/>
  <testcase name="checkTheSpecials" classname="specials.SpecialsTests" time="12.033"/>
  <testcase name="testRegistering" classname="usersLogin.RegisterUserTests" time="10.096">
    <failure message="no such element: Unable to locate element: {&quot;method&quot;:&quot;css selector&quot;,&quot;selector&quot;:&quot;body.nav-md.ng-scope:nth-child(2) div.container.body:nth-child(2) div.main_container div.right_col:nth-child(3) div.row:nth-child(9) div.col-md-12.col-sm-12.col-xs-12 div.x_panel tbody:nth-child(1) tr:nth-child(6) td:nth-child(2) div:nth-child(1) &gt; button.btn.btn-xs.btn-dark:nth-child(1)&quot;}&#10;  (Session info: chrome=83.0.4103.116)&#10;For documentation on this error, please visit: https://www.seleniumhq.org/exceptions/no_such_element.html&#10;Build info: version: &apos;3.141.59&apos;, revision: &apos;e82be7d358&apos;, time: &apos;2018-11-14T08:17:03&apos;&#10;System info: host: &apos;RMORITZ&apos;, ip: &apos;192.168.1.26&apos;, os.name: &apos;Windows 10&apos;, os.arch: &apos;amd64&apos;, os.version: &apos;10.0&apos;, java.version: &apos;14.0.1&apos;&#10;Driver info: org.openqa.selenium.chrome.ChromeDriver&#10;Capabilities {acceptInsecureCerts: false, browserName: chrome, browserVersion: 83.0.4103.116, chrome: {chromedriverVersion: 83.0.4103.39 (ccbf011cb2d2b..., userDataDir: C:\Users\Student\AppData\Lo...}, goog:chromeOptions: {debuggerAddress: localhost:58181}, javascriptEnabled: true, networkConnectionEnabled: false, pageLoadStrategy: normal, platform: WINDOWS, platformName: WINDOWS, proxy: Proxy(), setWindowRect: true, strictFileInteractability: false, timeouts: {implicit: 0, pageLoad: 300000, script: 30000}, unhandledPromptBehavior: dismiss and notify, webauthn:virtualAuthenticators: true}&#10;Session ID: b306e9da25096b1a4f8e8fabd7e49e2e&#10;*** Element info: {Using=css selector, value=body.nav-md.ng-scope:nth-child(2) div.container.body:nth-child(2) div.main_container div.right_col:nth-child(3) div.row:nth-child(9) div.col-md-12.col-sm-12.col-xs-12 div.x_panel tbody:nth-child(1) tr:nth-child(6) td:nth-child(2) div:nth-child(1) &gt; button.btn.btn-xs.btn-dark:nth-child(1)}" type="org.openqa.selenium.NoSuchElementException"><![CDATA[org.openqa.selenium.NoSuchElementException: 
no such element: Unable to locate element: {"method":"css selector","selector":"body.nav-md.ng-scope:nth-child(2) div.container.body:nth-child(2) div.main_container div.right_col:nth-child(3) div.row:nth-child(9) div.col-md-12.col-sm-12.col-xs-12 div.x_panel tbody:nth-child(1) tr:nth-child(6) td:nth-child(2) div:nth-child(1) > button.btn.btn-xs.btn-dark:nth-child(1)"}
  (Session info: chrome=83.0.4103.116)
For documentation on this error, please visit: https://www.seleniumhq.org/exceptions/no_such_element.html
Build info: version: '3.141.59', revision: 'e82be7d358', time: '2018-11-14T08:17:03'
System info: host: 'RMORITZ', ip: '192.168.1.26', os.name: 'Windows 10', os.arch: 'amd64', os.version: '10.0', java.version: '14.0.1'
Driver info: org.openqa.selenium.chrome.ChromeDriver
Capabilities {acceptInsecureCerts: false, browserName: chrome, browserVersion: 83.0.4103.116, chrome: {chromedriverVersion: 83.0.4103.39 (ccbf011cb2d2b..., userDataDir: C:\Users\Student\AppData\Lo...}, goog:chromeOptions: {debuggerAddress: localhost:58181}, javascriptEnabled: true, networkConnectionEnabled: false, pageLoadStrategy: normal, platform: WINDOWS, platformName: WINDOWS, proxy: Proxy(), setWindowRect: true, strictFileInteractability: false, timeouts: {implicit: 0, pageLoad: 300000, script: 30000}, unhandledPromptBehavior: dismiss and notify, webauthn:virtualAuthenticators: true}
Session ID: b306e9da25096b1a4f8e8fabd7e49e2e
*** Element info: {Using=css selector, value=body.nav-md.ng-scope:nth-child(2) div.container.body:nth-child(2) div.main_container div.right_col:nth-child(3) div.row:nth-child(9) div.col-md-12.col-sm-12.col-xs-12 div.x_panel tbody:nth-child(1) tr:nth-child(6) td:nth-child(2) div:nth-child(1) > button.btn.btn-xs.btn-dark:nth-child(1)}
	at usersLogin.RegisterUserTests.testRegistering(RegisterUserTests.java:36)
]]></failure>
    <system-err><![CDATA[Starting ChromeDriver 83.0.4103.39 (ccbf011cb2d2b19b506d844400483861342c20cd-refs/branch-heads/4103@{#416}) on port 47972
Only local connections are allowed.
Please see https://chromedriver.chromium.org/security-considerations for suggestions on keeping ChromeDriver safe.
ChromeDriver was started successfully.
Jul 02, 2020 9:53:34 PM org.openqa.selenium.remote.ProtocolHandshake createSession
INFO: Detected dialect: W3C
]]></system-err>
  </testcase>
</testsuite>